<?xml version="1.0" encoding="UTF-8"?>
<testng-results ignored="0" total="1" passed="1" failed="0" skipped="0">
  <reporter-output>
  </reporter-output>
  <suite started-at="2018-08-19T04:18:31Z" name="Default suite" finished-at="2018-08-19T04:18:34Z" duration-ms="3235">
    <groups>
    </groups>
    <test started-at="2018-08-19T04:18:31Z" name="Default test" finished-at="2018-08-19T04:18:34Z" duration-ms="3235">
      <class name="RestAssured.RestAssured.Third">
        <test-method signature="test3()[pri:0, instance:RestAssured.RestAssured.Third@40005471]" started-at="2018-08-19T09:48:31Z" name="test3" finished-at="2018-08-19T09:48:34Z" duration-ms="3203" status="PASS">
          <reporter-output>
          </reporter-output>
        </test-method> <!-- test3 -->
      </class> <!-- RestAssured.RestAssured.Third -->
    </test> <!-- Default test -->
  </suite> <!-- Default suite -->
</testng-results>
